[debug] [2020-11-25T22:02:20.740Z] ----------------------------------------------------------------------
[debug] [2020-11-25T22:02:20.742Z] Command:       /usr/local/bin/node /usr/local/bin/firebase serve
[debug] [2020-11-25T22:02:20.743Z] CLI Version:   6.8.0
[debug] [2020-11-25T22:02:20.743Z] Platform:      darwin
[debug] [2020-11-25T22:02:20.743Z] Node Version:  v10.16.0
[debug] [2020-11-25T22:02:20.744Z] Time:          Thu Nov 26 2020 01:02:20 GMT+0300 (GMT+03:00)
[debug] [2020-11-25T22:02:20.744Z] ----------------------------------------------------------------------
[debug] 
[debug] [2020-11-25T22:02:20.754Z] > command requires scopes: ["email","openid","https://www.googleapis.com/auth/cloudplatformprojects.readonly","https://www.googleapis.com/auth/firebase","https://www.googleapis.com/auth/cloud-platform"]
[debug] [2020-11-25T22:02:20.754Z] > authorizing via signed-in user
[debug] [2020-11-25T22:02:20.755Z] [iam] checking project linkitylinkalpha for permissions ["firebase.projects.get"]
[debug] [2020-11-25T22:02:20.756Z] >>> HTTP REQUEST POST https://cloudresourcemanager.googleapis.com/v1/projects/linkitylinkalpha:testIamPermissions  

[debug] [2020-11-25T22:02:21.756Z] <<< HTTP RESPONSE 200
[debug] [2020-11-25T22:02:21.759Z] >>> HTTP REQUEST GET https://cloudresourcemanager.googleapis.com/v1/projects/linkitylinkalpha  
 
[debug] [2020-11-25T22:02:22.739Z] <<< HTTP RESPONSE 200
[info] 
[info] === Serving from '/Users/ahmetakkoc/Desktop/linkity-link/linkitylink'...
[info] 
[info] i  functions: Preparing to emulate functions.
[debug] [2020-11-25T22:02:23.556Z] Fetching environment
[debug] [2020-11-25T22:02:23.558Z] >>> HTTP REQUEST GET https://mobilesdk-pa.googleapis.com/v1/projects/603981229696:getServerAppConfig  
 
[debug] [2020-11-25T22:02:23.559Z] >>> HTTP REQUEST GET https://mobilesdk-pa.googleapis.com/v1/projects/603981229696/clients/_:getWebAppConfig  
 
[debug] [2020-11-25T22:02:24.143Z] <<< HTTP RESPONSE 200
[debug] [2020-11-25T22:02:24.144Z] Starting @google-cloud/functions-emulator
[debug] [2020-11-25T22:02:24.418Z] <<< HTTP RESPONSE 200
[info] i  hosting: Serving hosting files from: public
[info] ✔  hosting: Local server: http://localhost:5000
[debug] [2020-11-25T22:02:25.741Z] Parsing function triggers
[info] i  functions: No HTTPS functions found. Use firebase functions:shell if you would like to emulate other types of functions.
